
==============================================

!Wed Sep 26 09:39:25 EDT 2018

Processing file IIB_VertexSalesTax_SOAP_SVC\gen\VertexSalesTax.msgflow.
Successfully added file IIB_VertexSalesTax_SOAP_SVC\gen\VertexSalesTax.msgflow to BAR file.

==============================================

!Wed Sep 26 09:39:25 EDT 2018

Processing file IIB_VertexSalesTax_SOAP_SVC\DB2TansformToVertex.xsl.
Successfully added file IIB_VertexSalesTax_SOAP_SVC\DB2TansformToVertex.xsl to BAR file.

==============================================

!Wed Sep 26 09:39:25 EDT 2018

Processing file IIB_VertexSalesTax_SOAP_SVC\IBMdefined\org\w3\www\xml\_1998\namespace\xml.xsd.
Successfully added file IIB_VertexSalesTax_SOAP_SVC\IBMdefined\org\w3\www\xml\_1998\namespace\xml.xsd to BAR file.

==============================================

!Wed Sep 26 09:39:25 EDT 2018

Processing file IIB_VertexSalesTax_SOAP_SVC\IBMdefined\org\xmlsoap\schemas\soap\envelope\soapenv11.xsd.
Successfully added file IIB_VertexSalesTax_SOAP_SVC\IBMdefined\org\xmlsoap\schemas\soap\envelope\soapenv11.xsd to BAR file.

==============================================

!Wed Sep 26 09:39:25 EDT 2018

Processing file IIB_VertexSalesTax_SOAP_SVC\IBMdefined\soap.xsd.
Successfully added file IIB_VertexSalesTax_SOAP_SVC\IBMdefined\soap.xsd to BAR file.

==============================================

!Wed Sep 26 09:39:25 EDT 2018

Processing file IIB_VertexSalesTax_SOAP_SVC\OracleTransformToVertex.xsl.
Successfully added file IIB_VertexSalesTax_SOAP_SVC\OracleTransformToVertex.xsl to BAR file.

==============================================

!Wed Sep 26 09:39:25 EDT 2018

Processing file IIB_VertexSalesTax_SOAP_SVC\RemoteFiles\VertexInput.xsd.
Successfully added file IIB_VertexSalesTax_SOAP_SVC\RemoteFiles\VertexInput.xsd to BAR file.

==============================================

!Wed Sep 26 09:39:25 EDT 2018

Processing file IIB_VertexSalesTax_SOAP_SVC\RemoteFiles\VertexOutput.xsd.
Successfully added file IIB_VertexSalesTax_SOAP_SVC\RemoteFiles\VertexOutput.xsd to BAR file.

==============================================

!Wed Sep 26 09:39:25 EDT 2018

Processing file IIB_VertexSalesTax_SOAP_SVC\RemoteFiles\getsalestax_ep.wsdl.
Successfully added file IIB_VertexSalesTax_SOAP_SVC\RemoteFiles\getsalestax_ep.wsdl to BAR file.

==============================================

!Wed Sep 26 09:39:25 EDT 2018

Processing file IIB_VertexSalesTax_SOAP_SVC\RemoteFiles\getsalestax_ep.xsd.
Successfully added file IIB_VertexSalesTax_SOAP_SVC\RemoteFiles\getsalestax_ep.xsd to BAR file.

==============================================

!Wed Sep 26 09:39:25 EDT 2018

Processing file IIB_VertexSalesTax_SOAP_SVC\RemoveNamespaces.xsl.
Successfully added file IIB_VertexSalesTax_SOAP_SVC\RemoveNamespaces.xsl to BAR file.

==============================================

!Wed Sep 26 09:39:25 EDT 2018

Processing file IIB_VertexSalesTax_SOAP_SVC\TransformVertexToOutput.xsl.
Successfully added file IIB_VertexSalesTax_SOAP_SVC\TransformVertexToOutput.xsl to BAR file.

==============================================

!Wed Sep 26 09:39:25 EDT 2018

Processing file IIB_VertexSalesTax_SOAP_SVC\TransformationRFSVertex.xsl.
Successfully added file IIB_VertexSalesTax_SOAP_SVC\TransformationRFSVertex.xsl to BAR file.

==============================================

!Wed Sep 26 09:39:25 EDT 2018

Processing file IIB_VertexSalesTax_SOAP_SVC\Transformation_1.xsl.
Successfully added file IIB_VertexSalesTax_SOAP_SVC\Transformation_1.xsl to BAR file.

==============================================

!Wed Sep 26 09:39:25 EDT 2018

Processing file IIB_VertexSalesTax_SOAP_SVC\gen\ErrorHandlingVertexSalesTaxInputFailureHandler_Compute.esql.
Dependent ESQL file HBC_Common/HBC_GetErrorCode.esql is added to the BAR file.

Successfully added file IIB_VertexSalesTax_SOAP_SVC\gen\ErrorHandlingVertexSalesTaxInputFailureHandler_Compute.esql to BAR file.

==============================================

!Wed Sep 26 09:39:25 EDT 2018

Processing file IIB_VertexSalesTax_SOAP_SVC\gen\VertexSalesTaxInputCatchHandler.subflow.
Successfully added file IIB_VertexSalesTax_SOAP_SVC\gen\VertexSalesTaxInputCatchHandler.subflow to BAR file.

==============================================

!Wed Sep 26 09:39:25 EDT 2018

Processing file IIB_VertexSalesTax_SOAP_SVC\gen\VertexSalesTaxInputFailureHandler.subflow.
Successfully added file IIB_VertexSalesTax_SOAP_SVC\gen\VertexSalesTaxInputFailureHandler.subflow to BAR file.

==============================================

!Wed Sep 26 09:39:25 EDT 2018

Processing file IIB_VertexSalesTax_SOAP_SVC\gen\VertexSalesTaxInputHTTPTimeoutHandler.subflow.
Successfully added file IIB_VertexSalesTax_SOAP_SVC\gen\VertexSalesTaxInputHTTPTimeoutHandler.subflow to BAR file.

==============================================

!Wed Sep 26 09:39:25 EDT 2018

Processing file IIB_VertexSalesTax_SOAP_SVC\gen\calculateTax60_CalculateTax60_1_processVertex_Request_Response.subflow.
Successfully added file IIB_VertexSalesTax_SOAP_SVC\gen\calculateTax60_CalculateTax60_1_processVertex_Request_Response.subflow to BAR file.

==============================================

!Wed Sep 26 09:39:25 EDT 2018

Processing file IIB_VertexSalesTax_SOAP_SVC\gen\processVertex_Request_Response.subflow.
Successfully added file IIB_VertexSalesTax_SOAP_SVC\gen\processVertex_Request_Response.subflow to BAR file.

==============================================

!Wed Sep 26 09:39:25 EDT 2018

Processing file IIB_VertexSalesTax_SOAP_SVC\gen\processVertex_Request_Response_Compute.esql.
Successfully added file IIB_VertexSalesTax_SOAP_SVC\gen\processVertex_Request_Response_Compute.esql to BAR file.

==============================================

!Wed Sep 26 09:39:25 EDT 2018

Processing file IIB_VertexSalesTax_SOAP_SVC\service.descriptor.
Successfully added file IIB_VertexSalesTax_SOAP_SVC\service.descriptor to BAR file.
Elapsed time: 0.001 second(s).

Successfully added file IIB_VertexSalesTax_SOAP_SVC\service.descriptor to BAR file.

==============================================

!Wed Sep 26 09:39:25 EDT 2018

Processing file IIB_VertexSalesTax_SOAP_SVC\service.descriptor.
Successfully added file IIB_VertexSalesTax_SOAP_SVC\service.descriptor to BAR file.
Elapsed time: 0.001 second(s).

Successfully added file IIB_VertexSalesTax_SOAP_SVC\service.descriptor to BAR file.

==============================================

!Wed Sep 26 09:39:25 EDT 2018

Processing file HBC_Common_Variables.
Library file HBC_Common_Variables.libzip successfully added to the BAR.
Library compiled contents:
    
    Processing file HBC_Common_Variables\HBC_Common_Variables\Convert_To_XML.esql.
    Successfully added file HBC_Common_Variables\HBC_Common_Variables\Convert_To_XML.esql to BAR file.
    
    
    Processing file HBC_Common_Variables\HBC_Common_Variables\AutoCreateJSONArrays.esql.
    Successfully added file HBC_Common_Variables\HBC_Common_Variables\AutoCreateJSONArrays.esql to BAR file.
    
    
    Processing file HBC_Common_Variables\HBC_Common\HBC_GetErrorCode.esql.
    Successfully added file HBC_Common_Variables\HBC_Common\HBC_GetErrorCode.esql to BAR file.
    
    
    Processing file HBC_Common_Variables\library.descriptor.
    Successfully added file HBC_Common_Variables\library.descriptor to BAR file.
    Elapsed time: 0.001 second(s).
    
    Successfully added file HBC_Common_Variables\library.descriptor to BAR file.
    
    
    Processing file HBC_Common_Variables\HBC_Common_Variables\Convert_To_JSON.esql.
    Dependent ESQL file HBC_Common_Variables/AutoCreateJSONArrays.esql is added to the BAR file.
    
    Successfully added file HBC_Common_Variables\HBC_Common_Variables\Convert_To_JSON.esql to BAR file.
    

Elapsed time: 0.01 second(s).
